  stdafx.cpp
  AboutDlg.cpp
  AddFriendConfirmDlg.cpp
  BuddyChatDlg.cpp
  BuddyInfoDlg.cpp
  BuddyListCtrl.cpp
  Buffer.cpp
  CascadeWinManager.cpp
  ChangePicHeadDlg.cpp
  ChatDlgCommon.cpp
  ChatTabMgr.cpp
  CheckNetworkStatusTask.cpp
  ClosePromptDlg.cpp
  Crash.cpp
  CreateNewGroupDlg.cpp
  CriticalSection.cpp
  EncodingUtil.cpp
  FaceCtrl.cpp
  FaceList.cpp
  FaceSelDlg.cpp
  File.cpp
  正在生成代码...
  正在编译...
  FileTask.cpp
  FileTransferCtrl.cpp
  FindFriendDlg.cpp
  FontSelDlg.cpp
  GDIFactory.cpp
  GifImage.cpp
  GroupChatDlg.cpp
  GroupInfoDlg.cpp
  HeartbeatTask.cpp
  ImageEx.cpp
  IniFile.cpp
  IULog.cpp
  json_reader.cpp
  json_value.cpp
  json_writer.cpp
  LoginAccountList.cpp
  LoginDlg.cpp
  LoginSettingsDlg.cpp
  LogonUserInfoDlg.cpp
  MainDlg.cpp
  正在生成代码...
  正在编译...
  MD5Sum.cpp
  MessageLogger.cpp
  MinuBuffer.cpp
  MobileStatusDlg.cpp
  ModifyMarkNameDlg.cpp
  ModifyPasswordDlg.cpp
  MsgTipDlg.cpp
  MultiChatDlg.cpp
  MultiChatMemberSelectionDlg.cpp
  IUProtocolData.cpp
  IUSocket.cpp
  protocolstream.cpp
  Path.cpp
  PicBarDlg.cpp
  RecentListCtrl.cpp
  RecvMsgThread.cpp
  RegisterDialog.cpp
  RichEditUtil.cpp
  SendMsgThread.cpp
  SessChatDlg.cpp
  正在生成代码...
  正在编译...
  SkinButton.cpp
  SkinComboBox.cpp
  SkinDialog.cpp
  SkinEdit.cpp
  SkinHyperLink.cpp
  SkinListCtrl.cpp
  SkinManager.cpp
  SkinMenu.cpp
  SkinMessageBox.cpp
  SkinPictureBox.cpp
  SkinRichEdit.cpp
  SkinScrollBar.cpp
  SkinStatic.cpp
  SkinTabCtrl.cpp
  SkinToolBar.cpp
  SplitterCtrl.cpp
  Startup.cpp
  SystemSettingDlg.cpp
  TeamDlg.cpp
  Thread.cpp
  正在生成代码...
  正在编译...
  ThreadPool.cpp
  Time.cpp
  TrayIcon.cpp
  UpdateDlg.cpp
  Updater.cpp
  UserConfig.cpp
  UserSessionData.cpp
  UserSnapInfoDlg.cpp
  EdoyunIMClient.cpp
  UserMgr.cpp
  Utils.cpp
  VerifyCodeDlg.cpp
  XmlDocument.cpp
  正在生成代码...
  EdoyunIMClient.vcxproj -> D:\面试准备\edoyun\3_企业项目实战\易栈\易栈客户端\Bin\EdoyunIMClient.exe
